d:\programming\my_programs\splashlibproject\splashlibproject\debug\vc120.pdb
d:\programming\my_programs\splashlibproject\splashlibproject\debug\vc120.idb
d:\programming\my_programs\splashlibproject\splashlibproject\debug\square.obj
d:\programming\my_programs\splashlibproject\splashlibproject\debug\triangle.obj
d:\programming\my_programs\splashlibproject\splashlibproject\debug\vector2d.obj
d:\programming\my_programs\splashlibproject\splashlibproject\debug\voronoi2d.obj
d:\programming\my_programs\splashlibproject\splashlibproject\debug\cube.obj
d:\programming\my_programs\splashlibproject\splashlibproject\debug\cylinder.obj
d:\programming\my_programs\splashlibproject\splashlibproject\debug\ellipsoid.obj
d:\programming\my_programs\splashlibproject\splashlibproject\debug\line3d.obj
d:\programming\my_programs\splashlibproject\splashlibproject\debug\plane.obj
d:\programming\my_programs\splashlibproject\splashlibproject\debug\point3d.obj
d:\programming\my_programs\splashlibproject\splashlibproject\debug\polyhedron.obj
d:\programming\my_programs\splashlibproject\splashlibproject\debug\ray3d.obj
d:\programming\my_programs\splashlibproject\splashlibproject\debug\segment3d.obj
d:\programming\my_programs\splashlibproject\splashlibproject\debug\shape3d.obj
d:\programming\my_programs\splashlibproject\splashlibproject\debug\sphere.obj
d:\programming\my_programs\splashlibproject\splashlibproject\debug\vector3d.obj
d:\programming\my_programs\splashlibproject\splashlibproject\debug\main.obj
d:\programming\my_programs\splashlibproject\splashlibproject\debug\splash_utils.obj
d:\programming\my_programs\splashlibproject\splashlibproject\debug\test_convex2d.obj
d:\programming\my_programs\splashlibproject\splashlibproject\debug\test_voronoi2d.obj
d:\programming\my_programs\splashlibproject\splashlibproject\debug\circle.obj
d:\programming\my_programs\splashlibproject\splashlibproject\debug\convex2d.obj
d:\programming\my_programs\splashlibproject\splashlibproject\debug\dcel.obj
d:\programming\my_programs\splashlibproject\splashlibproject\debug\ellipse.obj
d:\programming\my_programs\splashlibproject\splashlibproject\debug\event.obj
d:\programming\my_programs\splashlibproject\splashlibproject\debug\line2d.obj
d:\programming\my_programs\splashlibproject\splashlibproject\debug\point2d.obj
d:\programming\my_programs\splashlibproject\splashlibproject\debug\polygon.obj
d:\programming\my_programs\splashlibproject\splashlibproject\debug\ray2d.obj
d:\programming\my_programs\splashlibproject\splashlibproject\debug\rectangle.obj
d:\programming\my_programs\splashlibproject\splashlibproject\debug\segment2d.obj
d:\programming\my_programs\splashlibproject\splashlibproject\debug\shape2d.obj
d:\programming\my_programs\splashlibproject\splashlibproject\debug\splashlibproject.tlog\cl.command.1.tlog
d:\programming\my_programs\splashlibproject\splashlibproject\debug\splashlibproject.tlog\cl.read.1.tlog
d:\programming\my_programs\splashlibproject\splashlibproject\debug\splashlibproject.tlog\cl.write.1.tlog
