  Source.cpp
  splash_utils.cpp
c1xx : fatal error C1083: Не удается открыть файл источник: ..\..\splash_utils.cpp: No such file or directory
  vector3D.cpp
c1xx : fatal error C1083: Не удается открыть файл источник: ..\..\3D\vector3D.cpp: No such file or directory
  sphere.cpp
c1xx : fatal error C1083: Не удается открыть файл источник: ..\..\3D\sphere.cpp: No such file or directory
  shape3D.cpp
c1xx : fatal error C1083: Не удается открыть файл источник: ..\..\3D\shape3D.cpp: No such file or directory
  segment3D.cpp
c1xx : fatal error C1083: Не удается открыть файл источник: ..\..\3D\segment3D.cpp: No such file or directory
  ray3D.cpp
c1xx : fatal error C1083: Не удается открыть файл источник: ..\..\3D\ray3D.cpp: No such file or directory
  polyhedron.cpp
c1xx : fatal error C1083: Не удается открыть файл источник: ..\..\3D\polyhedron.cpp: No such file or directory
  point3D.cpp
c1xx : fatal error C1083: Не удается открыть файл источник: ..\..\3D\point3D.cpp: No such file or directory
  plane.cpp
c1xx : fatal error C1083: Не удается открыть файл источник: ..\..\3D\plane.cpp: No such file or directory
  line3D.cpp
c1xx : fatal error C1083: Не удается открыть файл источник: ..\..\3D\line3D.cpp: No such file or directory
  ellipsoid.cpp
c1xx : fatal error C1083: Не удается открыть файл источник: ..\..\3D\ellipsoid.cpp: No such file or directory
  cylinder.cpp
c1xx : fatal error C1083: Не удается открыть файл источник: ..\..\3D\cylinder.cpp: No such file or directory
  cube.cpp
c1xx : fatal error C1083: Не удается открыть файл источник: ..\..\3D\cube.cpp: No such file or directory
  voronoi2D.cpp
c1xx : fatal error C1083: Не удается открыть файл источник: ..\..\2D\voronoi2D.cpp: No such file or directory
  vector2D.cpp
c1xx : fatal error C1083: Не удается открыть файл источник: ..\..\2D\vector2D.cpp: No such file or directory
  triangle.cpp
c1xx : fatal error C1083: Не удается открыть файл источник: ..\..\2D\triangle.cpp: No such file or directory
  square.cpp
c1xx : fatal error C1083: Не удается открыть файл источник: ..\..\2D\square.cpp: No such file or directory
  shape2D.cpp
c1xx : fatal error C1083: Не удается открыть файл источник: ..\..\2D\shape2D.cpp: No such file or directory
  segment2D.cpp
c1xx : fatal error C1083: Не удается открыть файл источник: ..\..\2D\segment2D.cpp: No such file or directory
  Создание кода...
  Компиляция...
  rectangle.cpp
c1xx : fatal error C1083: Не удается открыть файл источник: ..\..\2D\rectangle.cpp: No such file or directory
  ray2D.cpp
c1xx : fatal error C1083: Не удается открыть файл источник: ..\..\2D\ray2D.cpp: No such file or directory
  polygon.cpp
c1xx : fatal error C1083: Не удается открыть файл источник: ..\..\2D\polygon.cpp: No such file or directory
  point2D.cpp
c1xx : fatal error C1083: Не удается открыть файл источник: ..\..\2D\point2D.cpp: No such file or directory
  line2D.cpp
c1xx : fatal error C1083: Не удается открыть файл источник: ..\..\2D\line2D.cpp: No such file or directory
  event.cpp
c1xx : fatal error C1083: Не удается открыть файл источник: ..\..\2D\event.cpp: No such file or directory
  ellipse.cpp
c1xx : fatal error C1083: Не удается открыть файл источник: ..\..\2D\ellipse.cpp: No such file or directory
  dcel.cpp
c1xx : fatal error C1083: Не удается открыть файл источник: ..\..\2D\dcel.cpp: No such file or directory
  convex2D.cpp
c1xx : fatal error C1083: Не удается открыть файл источник: ..\..\2D\convex2D.cpp: No such file or directory
  circle.cpp
c1xx : fatal error C1083: Не удается открыть файл источник: ..\..\2D\circle.cpp: No such file or directory
  bstree.cpp
c1xx : fatal error C1083: Не удается открыть файл источник: ..\..\2D\bstree.cpp: No such file or directory
  Создание кода...
